<?xml version="1.0" encoding="UTF-8"?>
<testsuite xmlns:xsi="http://www.w3.org/2001/XMLSchema-instance" xsi:noNamespaceSchemaLocation="https://maven.apache.org/surefire/maven-surefire-plugin/xsd/surefire-test-report-3.0.xsd" version="3.0" name="com.MYproject2.EmailSenderApp.EmailSenderAppApplicationTests" time="1.568" tests="1" errors="0" skipped="0" failures="0">
  <properties>
[...]
</properties>
  <testcase name="contextLoads" classname="com.MYproject2.EmailSenderApp.EmailSenderAppApplicationTests" time="0.544">
    <system-out><![CDATA[12:35:42.027 [main] INFO org.springframework.test.context.support.AnnotationConfigContextLoaderUtils -- Could not detect default configuration classes for test class [com.MYproject2.EmailSenderApp.EmailSenderAppApplicationTests]: EmailSenderAppApplicationTests does not declare any static, non-private, non-final, nested classes annotated with @Configuration.
12:35:42.086 [main] INFO org.springframework.boot.test.context.SpringBootTestContextBootstrapper -- Found @SpringBootConfiguration com.MYproject2.EmailSenderApp.EmailSenderAppApplication for test class com.MYproject2.EmailSenderApp.EmailSenderAppApplicationTests
12:35:42.163 [main] INFO org.springframework.boot.devtools.restart.RestartApplicationListener -- Restart disabled due to context in which it is running

  .   ____          _            __ _ _
 /\\ / ___'_ __ _ _(_)_ __  __ _ \ \ \ \
( ( )\___ | '_ | '_| | '_ \/ _` | \ \ \ \
 \\/  ___)| |_)| | | | | || (_| |  ) ) ) )
  '  |____| .__|_| |_|_| |_\__, | / / / /
 =========|_|==============|___/=/_/_/_/

 :: Spring Boot ::                (v3.3.2)

2024-12-13T12:35:42.295+05:30  INFO 43831 --- [EmailSenderApp] [           main] c.M.E.EmailSenderAppApplicationTests     : Starting EmailSenderAppApplicationTests using Java 23 with PID 43831 (started by deepaknegi in /Users/deepaknegi/Desktop/MY_WORK/MY_Projects/Email-Sender-project/EmailSenderApp)
2024-12-13T12:35:42.296+05:30  INFO 43831 --- [EmailSenderApp] [           main] c.M.E.EmailSenderAppApplicationTests     : No active profile set, falling back to 1 default profile: "default"
2024-12-13T12:35:42.925+05:30  INFO 43831 --- [EmailSenderApp] [           main] c.M.E.EmailSenderAppApplicationTests     : Started EmailSenderAppApplicationTests in 0.767 seconds (process running for 1.447)
]]></system-out>
    <system-err><![CDATA[WARNING: A Java agent has been loaded dynamically (/Users/deepaknegi/.m2/repository/net/bytebuddy/byte-buddy-agent/1.14.18/byte-buddy-agent-1.14.18.jar)
WARNING: If a serviceability tool is in use, please run with -XX:+EnableDynamicAgentLoading to hide this warning
WARNING: If a serviceability tool is not in use, please run with -Djdk.instrument.traceUsage for more information
WARNING: Dynamic loading of agents will be disallowed by default in a future release
]]></system-err>
  </testcase>
</testsuite>